<?xml version="1.0" encoding="UTF-8"?>
<!-- Generated by org.testng.reporters.JUnitXMLReporter -->
<testsuite ignored="0" hostname="DESKTOP-GLVC8F2" failures="0" tests="8" name=" API_Tests2" time="14.048" errors="0" timestamp="2021-04-19T12:37:33 IST">
  <testcase classname="com.thoughtworks.apiAssignmentTest.LoginTest" name="testFailedLoginWithInvalidEmail" time="1.843"/>
  <testcase classname="com.thoughtworks.apiAssignmentTest.LoginTest" name="testFailedLoginWithInvalidPassword" time="1.747"/>
  <testcase classname="com.thoughtworks.apiAssignmentTest.LoginTest" name="testFailedLoginWithNoEmail" time="1.816"/>
  <testcase classname="com.thoughtworks.apiAssignmentTest.LoginTest" name="testFailedLoginWithNoEmailAndUsername" time="1.707"/>
  <testcase classname="com.thoughtworks.apiAssignmentTest.LoginTest" name="testFailedLoginWithNoPassword" time="1.796"/>
  <testcase classname="com.thoughtworks.apiAssignmentTest.LoginTest" name="testForResponseTimeForInvalidLoginScenario" time="1.655"/>
  <testcase classname="com.thoughtworks.apiAssignmentTest.LoginTest" name="testForResponseTimeForValidLoginScenario" time="1.734"/>
  <testcase classname="com.thoughtworks.apiAssignmentTest.LoginTest" name="testSuccessfulLogin" time="1.736"/>
</testsuite> <!--  API_Tests2 -->
