<?xml version="1.0" encoding="UTF-8"?>
<!-- Generated by org.testng.reporters.JUnitXMLReporter -->
<testsuite ignored="0" hostname="DESKTOP-GLVC8F2" failures="0" tests="6" name=" API_Tests1" time="16.743" errors="0" timestamp="2021-04-19T12:37:19 IST">
  <testcase classname="com.thoughtworks.apiAssignmentTest.RegistrationTest" name="testFailedRegistrationWithInvalidEmail" time="6.287"/>
  <testcase classname="com.thoughtworks.apiAssignmentTest.RegistrationTest" name="testFailedRegistrationWithNoEmail" time="1.693"/>
  <testcase classname="com.thoughtworks.apiAssignmentTest.RegistrationTest" name="testFailedRegistrationWithNoEmailAndUsername" time="1.729"/>
  <testcase classname="com.thoughtworks.apiAssignmentTest.RegistrationTest" name="testFailedRegistrationWithNoPassword" time="1.862"/>
  <testcase classname="com.thoughtworks.apiAssignmentTest.RegistrationTest" name="testForResponseTimeForDeleteUser" time="1.808"/>
  <testcase classname="com.thoughtworks.apiAssignmentTest.RegistrationTest" name="testSuccessfulRegistration" time="1.921"/>
</testsuite> <!--  API_Tests1 -->
