<?xml version="1.0" encoding="UTF-8"?>
<!-- Generated by org.testng.reporters.JUnitXMLReporter -->
<testsuite ignored="0" hostname="DESKTOP-GLVC8F2" failures="0" tests="6" name=" CreateUserTest" time="10.562" errors="0" timestamp="2021-04-19T12:42:11 IST">
  <testcase classname="com.thoughtworks.apiAssignmentTest.CreateUserTest" name="testForResponseTimeForSuccessfulCreateUser" time="1.829"/>
  <testcase classname="com.thoughtworks.apiAssignmentTest.CreateUserTest" name="testSuccessfulCreateUserWithBlankNameAndJob" time="1.735"/>
  <testcase classname="com.thoughtworks.apiAssignmentTest.CreateUserTest" name="testSuccessfulCreateUserWithBothNameAndJob" time="1.771"/>
  <testcase classname="com.thoughtworks.apiAssignmentTest.CreateUserTest" name="testSuccessfulCreateUserWithNoNameNoJob" time="1.715"/>
  <testcase classname="com.thoughtworks.apiAssignmentTest.CreateUserTest" name="testSuccessfulCreateUserWithOnlyJob" time="1.783"/>
  <testcase classname="com.thoughtworks.apiAssignmentTest.CreateUserTest" name="testSuccessfulCreateUserWithOnlyName" time="1.707"/>
</testsuite> <!--  CreateUserTest -->
