<?xml version="1.0" encoding="UTF-8"?>
<!-- Generated by org.testng.reporters.JUnitXMLReporter -->
<testsuite ignored="0" hostname="DESKTOP-GLVC8F2" failures="0" tests="2" name=" ListOfUsersTest" time="2.651" errors="0" timestamp="2021-04-19T12:41:59 IST">
  <testcase classname="com.thoughtworks.apiAssignmentTest.ListOfUsersTest" name="testForResponseTime" time="1.325"/>
  <testcase classname="com.thoughtworks.apiAssignmentTest.ListOfUsersTest" name="testSuccessfulRetrievalOfListOfUsers" time="1.32"/>
</testsuite> <!--  ListOfUsersTest -->
