<?xml version="1.0" encoding="UTF-8"?>
<!-- Generated by org.testng.reporters.JUnitXMLReporter -->
<testsuite ignored="0" hostname="DESKTOP-GLVC8F2" failures="0" tests="8" name=" LoginTest" time="12.593" errors="0" timestamp="2021-04-19T12:41:56 IST">
  <testcase classname="com.thoughtworks.apiAssignmentTest.LoginTest" name="testFailedLoginWithInvalidEmail" time="1.789"/>
  <testcase classname="com.thoughtworks.apiAssignmentTest.LoginTest" name="testFailedLoginWithInvalidPassword" time="1.756"/>
  <testcase classname="com.thoughtworks.apiAssignmentTest.LoginTest" name="testFailedLoginWithNoEmail" time="1.67"/>
  <testcase classname="com.thoughtworks.apiAssignmentTest.LoginTest" name="testFailedLoginWithNoEmailAndUsername" time="1.725"/>
  <testcase classname="com.thoughtworks.apiAssignmentTest.LoginTest" name="testFailedLoginWithNoPassword" time="0.561"/>
  <testcase classname="com.thoughtworks.apiAssignmentTest.LoginTest" name="testForResponseTimeForInvalidLoginScenario" time="1.747"/>
  <testcase classname="com.thoughtworks.apiAssignmentTest.LoginTest" name="testForResponseTimeForValidLoginScenario" time="1.695"/>
  <testcase classname="com.thoughtworks.apiAssignmentTest.LoginTest" name="testSuccessfulLogin" time="1.635"/>
</testsuite> <!--  LoginTest -->
