<?xml version="1.0" encoding="UTF-8"?>
<!-- Generated by org.testng.reporters.JUnitXMLReporter -->
<testsuite ignored="0" hostname="DESKTOP-GLVC8F2" failures="0" tests="6" name=" RegistrationTest" time="13.795" errors="0" timestamp="2021-04-19T12:41:43 IST">
  <testcase classname="com.thoughtworks.apiAssignmentTest.RegistrationTest" name="testFailedRegistrationWithInvalidEmail" time="4.302"/>
  <testcase classname="com.thoughtworks.apiAssignmentTest.RegistrationTest" name="testFailedRegistrationWithNoEmail" time="1.699"/>
  <testcase classname="com.thoughtworks.apiAssignmentTest.RegistrationTest" name="testFailedRegistrationWithNoEmailAndUsername" time="1.697"/>
  <testcase classname="com.thoughtworks.apiAssignmentTest.RegistrationTest" name="testFailedRegistrationWithNoPassword" time="1.738"/>
  <testcase classname="com.thoughtworks.apiAssignmentTest.RegistrationTest" name="testForResponseTimeForDeleteUser" time="1.758"/>
  <testcase classname="com.thoughtworks.apiAssignmentTest.RegistrationTest" name="testSuccessfulRegistration" time="1.757"/>
</testsuite> <!--  RegistrationTest -->
