<?xml version="1.0" encoding="UTF-8"?>
<!-- Generated by org.testng.reporters.JUnitXMLReporter -->
<testsuite ignored="0" hostname="DESKTOP-GLVC8F2" failures="0" tests="8" name="Default test" time="17.196" errors="0" timestamp="2021-04-19T12:03:45 IST">
  <testcase classname="com.thoughtworks.apiAssignmentTest.LoginTest" name="testFailedLoginWithInvalidEmail" time="4.141"/>
  <testcase classname="com.thoughtworks.apiAssignmentTest.LoginTest" name="testFailedLoginWithInvalidPassword" time="1.792"/>
  <testcase classname="com.thoughtworks.apiAssignmentTest.LoginTest" name="testFailedLoginWithNoEmail" time="1.749"/>
  <testcase classname="com.thoughtworks.apiAssignmentTest.LoginTest" name="testFailedLoginWithNoEmailAndUsername" time="1.759"/>
  <testcase classname="com.thoughtworks.apiAssignmentTest.LoginTest" name="testFailedLoginWithNoPassword" time="1.758"/>
  <testcase classname="com.thoughtworks.apiAssignmentTest.LoginTest" name="testForResponseTimeForInvalidLoginScenario" time="1.78"/>
  <testcase classname="com.thoughtworks.apiAssignmentTest.LoginTest" name="testForResponseTimeForValidLoginScenario" time="1.652"/>
  <testcase classname="com.thoughtworks.apiAssignmentTest.LoginTest" name="testSuccessfulLogin" time="1.659"/>
</testsuite> <!-- Default test -->
