<?xml version="1.0" encoding="UTF-8"?>
<!-- Generated by org.testng.reporters.JUnitXMLReporter -->
<testsuite ignored="0" hostname="DESKTOP-GLVC8F2" failures="0" tests="23" name="Test" time="26.402" errors="0" timestamp="2021-04-19T11:57:01 IST">
  <testcase classname="com.thoughtworks.apiAssignmentTest.RegistrationTest" name="testFailedRegistrationWithInvalidEmail" time="7.095"/>
  <testcase classname="com.thoughtworks.apiAssignmentTest.RegistrationTest" name="testFailedRegistrationWithNoEmail" time="0.797"/>
  <testcase classname="com.thoughtworks.apiAssignmentTest.RegistrationTest" name="testFailedRegistrationWithNoEmailAndUsername" time="0.844"/>
  <testcase classname="com.thoughtworks.apiAssignmentTest.RegistrationTest" name="testFailedRegistrationWithNoPassword" time="0.727"/>
  <testcase classname="com.thoughtworks.apiAssignmentTest.RegistrationTest" name="testForResponseTimeForDeleteUser" time="0.8"/>
  <testcase classname="com.thoughtworks.apiAssignmentTest.RegistrationTest" name="testSuccessfulRegistration" time="0.704"/>
  <testcase classname="com.thoughtworks.apiAssignmentTest.LoginTest" name="testFailedLoginWithInvalidEmail" time="0.755"/>
  <testcase classname="com.thoughtworks.apiAssignmentTest.LoginTest" name="testFailedLoginWithInvalidPassword" time="0.719"/>
  <testcase classname="com.thoughtworks.apiAssignmentTest.LoginTest" name="testFailedLoginWithNoEmail" time="0.709"/>
  <testcase classname="com.thoughtworks.apiAssignmentTest.LoginTest" name="testFailedLoginWithNoEmailAndUsername" time="0.8"/>
  <testcase classname="com.thoughtworks.apiAssignmentTest.LoginTest" name="testFailedLoginWithNoPassword" time="0.686"/>
  <testcase classname="com.thoughtworks.apiAssignmentTest.LoginTest" name="testForResponseTimeForInvalidLoginScenario" time="0.76"/>
  <testcase classname="com.thoughtworks.apiAssignmentTest.LoginTest" name="testForResponseTimeForValidLoginScenario" time="0.768"/>
  <testcase classname="com.thoughtworks.apiAssignmentTest.LoginTest" name="testSuccessfulLogin" time="0.776"/>
  <testcase classname="com.thoughtworks.apiAssignmentTest.DeleteUserTest" name="testSuccessfulDeletedUser" time="0.79"/>
  <testcase classname="com.thoughtworks.apiAssignmentTest.CreateUserTest" name="testForResponseTimeForSuccessfulCreateUser" time="0.783"/>
  <testcase classname="com.thoughtworks.apiAssignmentTest.CreateUserTest" name="testSuccessfulCreateUserWithBlankNameAndJob" time="0.778"/>
  <testcase classname="com.thoughtworks.apiAssignmentTest.CreateUserTest" name="testSuccessfulCreateUserWithBothNameAndJob" time="0.781"/>
  <testcase classname="com.thoughtworks.apiAssignmentTest.CreateUserTest" name="testSuccessfulCreateUserWithNoNameNoJob" time="0.729"/>
  <testcase classname="com.thoughtworks.apiAssignmentTest.CreateUserTest" name="testSuccessfulCreateUserWithOnlyJob" time="0.722"/>
  <testcase classname="com.thoughtworks.apiAssignmentTest.CreateUserTest" name="testSuccessfulCreateUserWithOnlyName" time="0.686"/>
  <testcase classname="com.thoughtworks.apiAssignmentTest.ListOfUsersTest" name="testForResponseTime" time="0.4"/>
  <testcase classname="com.thoughtworks.apiAssignmentTest.ListOfUsersTest" name="testSuccessfulRetrievalOfListOfUsers" time="0.335"/>
</testsuite> <!-- Test -->
